{"level":"info","message":"Middleware corriendo","port":"3001","timestamp":"2024-10-03T14:28:51.883Z"}
{"level":"error","message":"Error obteniendo servidores del Discovery Request failed with status code 400","timestamp":"2024-10-03T14:28:51.982Z"}
{"level":"error","message":"Error obteniendo servidores del Discovery Request failed with status code 400","timestamp":"2024-10-03T14:29:01.902Z"}
{"level":"error","message":"Error obteniendo servidores del Discovery Request failed with status code 400","timestamp":"2024-10-03T14:29:11.890Z"}
{"level":"error","message":"Error obteniendo servidores del Discovery Request failed with status code 400","timestamp":"2024-10-03T14:29:21.900Z"}
{"level":"info","message":"Middleware corriendo","port":"3001","timestamp":"2024-10-03T14:33:08.617Z"}
{"level":"info","message":"Servidores registrados en middleware","servers":["http://localhost:3004","http://localhost:3005"],"timestamp":"2024-10-03T14:33:08.689Z"}
{"level":"info","message":"Servidores registrados en middleware","servers":["http://localhost:3004","http://localhost:3005"],"timestamp":"2024-10-03T14:33:18.628Z"}
{"level":"info","message":"Servidores registrados en middleware","servers":["http://localhost:3004","http://localhost:3005"],"timestamp":"2024-10-03T14:33:28.638Z"}
{"level":"info","message":"Servidores registrados en middleware","servers":["http://localhost:3004","http://localhost:3005"],"timestamp":"2024-10-03T14:33:38.647Z"}
{"level":"info","message":"Servidor menos cargado seleccionado","server":"http://localhost:3004","timestamp":"2024-10-03T14:33:40.095Z"}
{"level":"info","message":"Petici칩n a backend exitosa","server":"http://localhost:3004","text":"Jjsjakakaal","timestamp":"2024-10-03T14:33:40.161Z"}
{"level":"info","message":"Servidor menos cargado seleccionado","server":"http://localhost:3005","timestamp":"2024-10-03T14:33:41.737Z"}
{"level":"info","message":"Petici칩n a backend exitosa","server":"http://localhost:3005","text":"Jjsjakakaal","timestamp":"2024-10-03T14:33:41.813Z"}
{"level":"info","message":"Servidor menos cargado seleccionado","server":"http://localhost:3004","timestamp":"2024-10-03T14:33:45.404Z"}
{"level":"info","message":"Petici칩n a backend exitosa","server":"http://localhost:3004","text":"jaodpa침","timestamp":"2024-10-03T14:33:45.421Z"}
{"level":"info","message":"Servidores registrados en middleware","servers":["http://localhost:3004","http://localhost:3005"],"timestamp":"2024-10-03T14:33:48.659Z"}
{"level":"info","message":"Servidores registrados en middleware","servers":["http://localhost:3004","http://localhost:3005"],"timestamp":"2024-10-03T14:33:58.655Z"}
{"level":"info","message":"Reiniciando conteo de peticiones","timestamp":"2024-10-03T14:34:08.635Z"}
{"level":"info","message":"Servidores registrados en middleware","servers":["http://localhost:3004","http://localhost:3005"],"timestamp":"2024-10-03T14:34:08.677Z"}
{"level":"info","message":"Servidores registrados en middleware","servers":["http://localhost:3004","http://localhost:3005"],"timestamp":"2024-10-03T14:34:18.676Z"}
{"level":"info","message":"Servidores registrados en middleware","servers":["http://localhost:3004","http://localhost:3005"],"timestamp":"2024-10-03T14:34:28.683Z"}
{"level":"info","message":"Servidores registrados en middleware","servers":["http://localhost:3004","http://localhost:3005"],"timestamp":"2024-10-03T14:34:38.694Z"}
{"level":"info","message":"Servidores registrados en middleware","servers":["http://localhost:3004","http://localhost:3005"],"timestamp":"2024-10-03T14:34:48.708Z"}
{"level":"info","message":"Servidores registrados en middleware","servers":["http://localhost:3004","http://localhost:3005"],"timestamp":"2024-10-03T14:34:58.719Z"}
{"level":"info","message":"Reiniciando conteo de peticiones","timestamp":"2024-10-03T14:35:08.642Z"}
{"level":"info","message":"Servidores registrados en middleware","servers":["http://localhost:3004","http://localhost:3005"],"timestamp":"2024-10-03T14:35:08.724Z"}
{"level":"info","message":"Servidores registrados en middleware","servers":["http://localhost:3004","http://localhost:3005"],"timestamp":"2024-10-03T14:35:18.724Z"}
{"level":"info","message":"Servidores registrados en middleware","servers":["http://localhost:3004","http://localhost:3005"],"timestamp":"2024-10-03T14:35:28.734Z"}
{"level":"info","message":"Servidores registrados en middleware","servers":["http://localhost:3004","http://localhost:3005"],"timestamp":"2024-10-03T14:35:38.740Z"}
{"level":"info","message":"Servidores registrados en middleware","servers":["http://localhost:3004","http://localhost:3005"],"timestamp":"2024-10-03T14:35:48.745Z"}
{"level":"info","message":"Servidores registrados en middleware","servers":["http://localhost:3004","http://localhost:3005"],"timestamp":"2024-10-03T14:35:58.752Z"}
{"level":"info","message":"Reiniciando conteo de peticiones","timestamp":"2024-10-03T14:36:08.644Z"}
{"level":"info","message":"Servidores registrados en middleware","servers":["http://localhost:3004","http://localhost:3005"],"timestamp":"2024-10-03T14:36:08.763Z"}
{"level":"info","message":"Servidores registrados en middleware","servers":["http://localhost:3004","http://localhost:3005"],"timestamp":"2024-10-03T14:36:18.768Z"}
{"level":"info","message":"Servidores registrados en middleware","servers":["http://localhost:3004","http://localhost:3005"],"timestamp":"2024-10-03T14:36:28.781Z"}
{"level":"info","message":"Servidores registrados en middleware","servers":["http://localhost:3004","http://localhost:3005"],"timestamp":"2024-10-03T14:36:38.790Z"}
{"level":"info","message":"Servidores registrados en middleware","servers":["http://localhost:3004","http://localhost:3005"],"timestamp":"2024-10-03T14:36:48.789Z"}
{"level":"info","message":"Servidores registrados en middleware","servers":["http://localhost:3004","http://localhost:3005"],"timestamp":"2024-10-03T14:36:58.799Z"}
{"level":"info","message":"Reiniciando conteo de peticiones","timestamp":"2024-10-03T14:37:08.653Z"}
{"level":"info","message":"Servidores registrados en middleware","servers":["http://localhost:3004","http://localhost:3005"],"timestamp":"2024-10-03T14:37:08.810Z"}
{"level":"info","message":"Servidores registrados en middleware","servers":["http://localhost:3004","http://localhost:3005"],"timestamp":"2024-10-03T14:37:18.810Z"}
